<?xml version="1.0" encoding="UTF-8"?>
<!-- Generated by org.testng.reporters.JUnitXMLReporter -->
<testsuite hostname="Javalkar" name="OpReg" tests="1" failures="1" timestamp="30 Nov 2016 04:26:45 GMT" time="33.686" errors="0">
  <testcase name="testRegOP" time="31.71" classname="com.action.registration.RegOPAction">
    <failure type="org.openqa.selenium.NoSuchElementException" message="Cannot locate element with text: VRP1
For documentation on this error, please visit: http://seleniumhq.org/exceptions/no_such_element.html
Build info: version: &amp;apos;2.53.0&amp;apos;, revision: &amp;apos;35ae25b1534ae328c771e0856c93e187490ca824&amp;apos;, time: &amp;apos;2016-03-15 10:43:46&amp;apos;
System info: host: &amp;apos;Javalkar&amp;apos;, ip: &amp;apos;127.0.1.1&amp;apos;, os.name: &amp;apos;Linux&amp;apos;, os.arch: &amp;apos;amd64&amp;apos;, os.version: &amp;apos;4.4.0-47-generic&amp;apos;, java.version: &amp;apos;1.8.0_111&amp;apos;
Driver info: driver.version: unknown">
      <![CDATA[org.openqa.selenium.NoSuchElementException: Cannot locate element with text: VRP1
For documentation on this error, please visit: http://seleniumhq.org/exceptions/no_such_element.html
Build info: version: '2.53.0', revision: '35ae25b1534ae328c771e0856c93e187490ca824', time: '2016-03-15 10:43:46'
System info: host: 'Javalkar', ip: '127.0.1.1', os.name: 'Linux', os.arch: 'amd64', os.version: '4.4.0-47-generic', java.version: '1.8.0_111'
Driver info: driver.version: unknown
	at org.openqa.selenium.support.ui.Select.selectByVisibleText(Select.java:150)
	at com.screen.registration.RegOPPage.registerPatient(RegOPPage.java:49)
	at com.action.registration.RegOPAction.testRegOP(RegOPAction.java:18)
... Removed 24 stack frames]]>
    </failure>
  </testcase> <!-- testRegOP -->
</testsuite> <!-- OpReg -->
